16/06/06 12:53:15 INFO i.l.j.Jmx2Graphite: Running with Jolokia URL: http://172.31.0.35:11001/
16/06/06 12:53:15 INFO i.l.j.Jmx2Graphite: Graphite: host = graphite.staging.us-east-1.internal.logz.io, port = 2004
16/06/06 12:53:15 INFO i.l.j.GraphiteClient: Graphite metrics prefix: RoiTest.172_31_0_35.
16/06/06 12:53:15 INFO i.l.j.GraphiteClient: Graphite Client: using writeTimeoutMs of 21000 [ms]. Establishing connection...
16/06/06 12:54:41 INFO i.l.j.Jmx2Graphite$HangupInterceptor: Received hang up - stopping...
16/06/06 12:54:41 INFO i.l.j.Jmx2Graphite: Shutting down...
16/06/06 13:02:40 INFO i.l.j.Jmx2Graphite: Running with Jolokia URL: http://172.31.0.35:11001/
16/06/06 13:02:40 INFO i.l.j.Jmx2Graphite: Graphite: host = graphite.staging.us-east-1.internal.logz.io, port = 2004
16/06/06 13:02:40 INFO i.l.j.GraphiteClient: Graphite metrics prefix: RoiTest.172_31_0_35.
16/06/06 13:02:40 INFO i.l.j.GraphiteClient: Graphite Client: using writeTimeoutMs of 7000 [ms]. Establishing connection...
16/06/06 13:40:26 INFO i.l.j.Jmx2Graphite: Running with Jolokia URL: http://172.31.0.35:11001/
16/06/06 13:40:26 INFO i.l.j.Jmx2Graphite: Graphite: host = graphite.staging.us-east-1.internal.logz.io, port = 2004
16/06/06 13:40:26 INFO i.l.j.GraphiteClient: Graphite metrics prefix: RoiTest.172_31_0_35.
16/06/06 13:40:26 INFO i.l.j.GraphiteClient: Graphite Client: using writeTimeoutMs of 21000 [ms]. Establishing connection...
16/06/06 14:02:57 INFO i.l.j.Jmx2Graphite: Running with Jolokia URL: http://172.31.0.35:11001/jolokia
16/06/06 14:02:57 INFO i.l.j.Jmx2Graphite: Graphite: host = graphite.staging.us-east-1.internal.logz.io, port = 2004
16/06/06 14:02:57 INFO i.l.j.GraphiteClient: Graphite metrics prefix: RoiTest.172_31_0_35.
16/06/06 14:02:57 INFO i.l.j.GraphiteClient: Graphite Client: using writeTimeoutMs of 7000 [ms]. Establishing connection...
16/06/06 14:02:58 INFO i.l.j.MetricsPipeline: Found 177 metric beans. Time = 1613ms, for Mon Jun 06 14:02:50 UTC 2016
16/06/06 14:03:00 INFO i.l.j.MetricsPipeline: metrics fetched. Time: 1725 ms; Metrics: 1076
16/06/06 14:03:00 INFO i.l.j.MetricsPipeline: metrics sent to Graphite. Time: 201 ms, Failed metrics: 0
16/06/06 14:03:11 INFO i.l.j.MetricsPipeline: Found 177 metric beans. Time = 1070ms, for Mon Jun 06 14:03:10 UTC 2016
16/06/06 14:03:12 INFO i.l.j.MetricsPipeline: metrics fetched. Time: 731 ms; Metrics: 1076
16/06/06 14:03:12 INFO i.l.j.MetricsPipeline: metrics sent to Graphite. Time: 15 ms, Failed metrics: 0
16/06/06 14:03:23 INFO i.l.j.MetricsPipeline: Found 177 metric beans. Time = 1034ms, for Mon Jun 06 14:03:20 UTC 2016
16/06/06 14:03:24 INFO i.l.j.MetricsPipeline: metrics fetched. Time: 662 ms; Metrics: 1076
16/06/06 14:03:24 INFO i.l.j.MetricsPipeline: metrics sent to Graphite. Time: 14 ms, Failed metrics: 0
16/06/06 14:03:27 INFO i.l.j.Jmx2Graphite$HangupInterceptor: Received hang up - stopping...
16/06/06 14:03:27 INFO i.l.j.Jmx2Graphite: Shutting down...
